0 info it worked if it ends with ok
1 verbose cli [ '/usr/local/Cellar/node/4.1.0/bin/node',
1 verbose cli   '/usr/local/bin/npm',
1 verbose cli   'install',
1 verbose cli   'ngDraggable' ]
2 info using npm@2.14.4
3 info using node@v4.1.0
4 verbose install initial load of /Users/IsaacHardy/tiy/Projects/KingPong/package.json
5 warn package.json browserify-example@1.0.0 No repository field.
6 verbose installManyTop reading scoped package data from /Users/IsaacHardy/tiy/Projects/KingPong/node_modules/angular/package.json
7 verbose installManyTop reading scoped package data from /Users/IsaacHardy/tiy/Projects/KingPong/node_modules/angular-cookies/package.json
8 verbose installManyTop reading scoped package data from /Users/IsaacHardy/tiy/Projects/KingPong/node_modules/angular-ui-router/package.json
9 verbose installManyTop reading scoped package data from /Users/IsaacHardy/tiy/Projects/KingPong/node_modules/babelify/package.json
10 verbose installManyTop reading scoped package data from /Users/IsaacHardy/tiy/Projects/KingPong/node_modules/browserify/package.json
11 verbose installManyTop reading scoped package data from /Users/IsaacHardy/tiy/Projects/KingPong/node_modules/chai/package.json
12 verbose installManyTop reading scoped package data from /Users/IsaacHardy/tiy/Projects/KingPong/node_modules/font-awesome/package.json
13 verbose installManyTop reading scoped package data from /Users/IsaacHardy/tiy/Projects/KingPong/node_modules/foundation-sites/package.json
14 verbose installManyTop reading scoped package data from /Users/IsaacHardy/tiy/Projects/KingPong/node_modules/gulp/package.json
15 verbose installManyTop reading scoped package data from /Users/IsaacHardy/tiy/Projects/KingPong/node_modules/gulp-htmlhint/package.json
16 verbose installManyTop reading scoped package data from /Users/IsaacHardy/tiy/Projects/KingPong/node_modules/gulp-jscs/package.json
17 verbose installManyTop reading scoped package data from /Users/IsaacHardy/tiy/Projects/KingPong/node_modules/gulp-jshint/package.json
18 verbose installManyTop reading scoped package data from /Users/IsaacHardy/tiy/Projects/KingPong/node_modules/gulp-notify/package.json
19 verbose installManyTop reading scoped package data from /Users/IsaacHardy/tiy/Projects/KingPong/node_modules/gulp-plumber/package.json
20 verbose installManyTop reading scoped package data from /Users/IsaacHardy/tiy/Projects/KingPong/node_modules/gulp-sass/package.json
21 verbose installManyTop reading scoped package data from /Users/IsaacHardy/tiy/Projects/KingPong/node_modules/gulp-server-livereload/package.json
22 verbose installManyTop reading scoped package data from /Users/IsaacHardy/tiy/Projects/KingPong/node_modules/gulp-sourcemaps/package.json
23 verbose installManyTop reading scoped package data from /Users/IsaacHardy/tiy/Projects/KingPong/node_modules/gulp-uglify/package.json
24 verbose installManyTop reading scoped package data from /Users/IsaacHardy/tiy/Projects/KingPong/node_modules/gulp-watch/package.json
25 verbose installManyTop reading scoped package data from /Users/IsaacHardy/tiy/Projects/KingPong/node_modules/jquery/package.json
26 verbose installManyTop reading scoped package data from /Users/IsaacHardy/tiy/Projects/KingPong/node_modules/jshint-jsx/package.json
27 verbose installManyTop reading scoped package data from /Users/IsaacHardy/tiy/Projects/KingPong/node_modules/jshint-stylish/package.json
28 verbose installManyTop reading scoped package data from /Users/IsaacHardy/tiy/Projects/KingPong/node_modules/mocha/package.json
29 verbose installManyTop reading scoped package data from /Users/IsaacHardy/tiy/Projects/KingPong/node_modules/moment/package.json
30 verbose installManyTop reading scoped package data from /Users/IsaacHardy/tiy/Projects/KingPong/node_modules/ng-sortable/package.json
31 verbose installManyTop reading scoped package data from /Users/IsaacHardy/tiy/Projects/KingPong/node_modules/node-bourbon/package.json
32 verbose installManyTop reading scoped package data from /Users/IsaacHardy/tiy/Projects/KingPong/node_modules/node-font-awesome/package.json
33 verbose installManyTop reading scoped package data from /Users/IsaacHardy/tiy/Projects/KingPong/node_modules/node-neat/package.json
34 verbose installManyTop reading scoped package data from /Users/IsaacHardy/tiy/Projects/KingPong/node_modules/normalize.css/package.json
35 verbose installManyTop reading scoped package data from /Users/IsaacHardy/tiy/Projects/KingPong/node_modules/uglifyify/package.json
36 verbose installManyTop reading scoped package data from /Users/IsaacHardy/tiy/Projects/KingPong/node_modules/underscore/package.json
37 verbose installManyTop reading scoped package data from /Users/IsaacHardy/tiy/Projects/KingPong/node_modules/vinyl-buffer/package.json
38 verbose installManyTop reading scoped package data from /Users/IsaacHardy/tiy/Projects/KingPong/node_modules/vinyl-source-stream/package.json
39 verbose installManyTop reading scoped package data from /Users/IsaacHardy/tiy/Projects/KingPong/node_modules/watchify/package.json
40 info package.json angular-ui-router@0.2.15 No license field.
41 info package.json foundation-sites@5.5.3 No license field.
42 info package.json gulp-notify@2.2.0 No license field.
43 info package.json jquery@2.1.4 No license field.
44 verbose readDependencies loading dependencies from /Users/IsaacHardy/tiy/Projects/KingPong/package.json
45 silly cache add args [ 'ngDraggable', null ]
46 verbose cache add spec ngDraggable
47 silly cache add parsed spec Result {
47 silly cache add   raw: 'ngDraggable',
47 silly cache add   scope: null,
47 silly cache add   name: 'ngDraggable',
47 silly cache add   rawSpec: '',
47 silly cache add   spec: '*',
47 silly cache add   type: 'range' }
48 silly addNamed ngDraggable@*
49 verbose addNamed "*" is a valid semver range for ngDraggable
50 silly addNameRange { name: 'ngDraggable', range: '*', hasData: false }
51 silly mapToRegistry name ngDraggable
52 silly mapToRegistry using default registry
53 silly mapToRegistry registry https://registry.npmjs.org/
54 silly mapToRegistry uri https://registry.npmjs.org/ngDraggable
55 verbose addNameRange registry:https://registry.npmjs.org/ngDraggable not in flight; fetching
56 verbose request uri https://registry.npmjs.org/ngDraggable
57 verbose request no auth needed
58 info attempt registry request try #1 at 10:43:51 PM
59 verbose request id 6c9440eab234fef5
60 http request GET https://registry.npmjs.org/ngDraggable
61 http 404 https://registry.npmjs.org/ngDraggable
62 verbose headers { 'content-type': 'application/json',
62 verbose headers   'cache-control': 'max-age=0',
62 verbose headers   'content-length': '2',
62 verbose headers   'accept-ranges': 'bytes',
62 verbose headers   date: 'Fri, 13 Nov 2015 03:43:52 GMT',
62 verbose headers   via: '1.1 varnish',
62 verbose headers   age: '0',
62 verbose headers   connection: 'keep-alive',
62 verbose headers   'x-served-by': 'cache-jfk1022-JFK',
62 verbose headers   'x-cache': 'MISS',
62 verbose headers   'x-cache-hits': '0',
62 verbose headers   'x-timer': 'S1447386232.163586,VS0,VE23' }
63 silly get cb [ 404,
63 silly get   { 'content-type': 'application/json',
63 silly get     'cache-control': 'max-age=0',
63 silly get     'content-length': '2',
63 silly get     'accept-ranges': 'bytes',
63 silly get     date: 'Fri, 13 Nov 2015 03:43:52 GMT',
63 silly get     via: '1.1 varnish',
63 silly get     age: '0',
63 silly get     connection: 'keep-alive',
63 silly get     'x-served-by': 'cache-jfk1022-JFK',
63 silly get     'x-cache': 'MISS',
63 silly get     'x-cache-hits': '0',
63 silly get     'x-timer': 'S1447386232.163586,VS0,VE23' } ]
64 verbose stack Error: Registry returned 404 for GET on https://registry.npmjs.org/ngDraggable
64 verbose stack     at makeError (/usr/local/lib/node_modules/npm/node_modules/npm-registry-client/lib/request.js:263:12)
64 verbose stack     at CachingRegistryClient.<anonymous> (/usr/local/lib/node_modules/npm/node_modules/npm-registry-client/lib/request.js:241:14)
64 verbose stack     at Request._callback (/usr/local/lib/node_modules/npm/node_modules/npm-registry-client/lib/request.js:171:14)
64 verbose stack     at Request.self.callback (/usr/local/lib/node_modules/npm/node_modules/request/request.js:198:22)
64 verbose stack     at emitTwo (events.js:87:13)
64 verbose stack     at Request.emit (events.js:172:7)
64 verbose stack     at Request.<anonymous> (/usr/local/lib/node_modules/npm/node_modules/request/request.js:1073:14)
64 verbose stack     at emitOne (events.js:82:20)
64 verbose stack     at Request.emit (events.js:169:7)
64 verbose stack     at IncomingMessage.<anonymous> (/usr/local/lib/node_modules/npm/node_modules/request/request.js:1019:12)
65 verbose statusCode 404
66 verbose pkgid ngDraggable
67 verbose cwd /Users/IsaacHardy/tiy/Projects/KingPong
68 error Darwin 15.0.0
69 error argv "/usr/local/Cellar/node/4.1.0/bin/node" "/usr/local/bin/npm" "install" "ngDraggable"
70 error node v4.1.0
71 error npm  v2.14.4
72 error code E404
73 error 404 Registry returned 404 for GET on https://registry.npmjs.org/ngDraggable
73 error 404
73 error 404 'ngDraggable' is not in the npm registry.
73 error 404 Your package name is not valid, because
73 error 404
73 error 404  1. name can no longer contain capital letters
73 error 404 It was specified as a dependency of 'browserify-example'
73 error 404
73 error 404 Note that you can also install from a
73 error 404 tarball, folder, http url, or git url.
74 verbose exit [ 1, true ]
